<?xml version="1.0" encoding="UTF-8"?>
<Site BuildName="(empty)"
	BuildStamp="20240416-1900-Experimental"
	Name="ros"
	Generator="ctest-3.16.3"
	CompilerName="/usr/bin/c++"
	CompilerVersion="9.4.0"
	OSName="Linux"
	Hostname="ros"
	OSRelease="5.4.0-174-generic"
	OSVersion="#193-Ubuntu SMP Thu Mar 7 15:13:37 UTC 2024"
	OSPlatform="aarch64"
	Is64Bits="1"
	VendorString=""
	VendorID="Unknown Manufacturer"
	FamilyID="8"
	ModelID="0"
	ProcessorCacheSize="0"
	NumberOfLogicalCPU="4"
	NumberOfPhysicalCPU="1"
	TotalVirtualMemory="3918"
	TotalPhysicalMemory="3919"
	LogicalProcessorsPerPhysical="4"
	ProcessorClockFrequency="0"
	>
	<Testing>
		<StartDateTime>Apr 16 19:00 UTC</StartDateTime>
		<StartTestTime>1713294022</StartTestTime>
		<TestList/>
		<EndDateTime>Apr 16 19:00 UTC</EndDateTime>
		<EndTestTime>1713294022</EndTestTime>
		<ElapsedMinutes>0</ElapsedMinutes>
	</Testing>
</Site>
